# JRE version: Java(TM) SE Runtime Environment (8.0_271-b09) (build 1.8.0_271-b09)
# Java VM: Java HotSpot(TM) 64-Bit Server VM (25.271-b09 mixed mode windows-amd64 compressed oops)
Heap:
 PSYoungGen      total 323072K, used 322976K [0x00000000eab00000, 0x0000000100000000, 0x0000000100000000)
  eden space 307200K, 100% used [0x00000000eab00000,0x00000000fd700000,0x00000000fd700000)
  from space 15872K, 99% used [0x00000000fd700000,0x00000000fe668090,0x00000000fe680000)
  to   space 21504K, 28% used [0x00000000feb00000,0x00000000ff1100c0,0x0000000100000000)
 ParOldGen       total 173568K, used 50416K [0x00000000c0000000, 0x00000000ca980000, 0x00000000eab00000)
  object space 173568K, 29% used [0x00000000c0000000,0x00000000c313c2f0,0x00000000ca980000)
 Metaspace       used 72428K, capacity 90795K, committed 90968K, reserved 1126400K
  class space    used 11040K, capacity 13383K, committed 13440K, reserved 1048576K
GC Heap History (10 events):
Event: 17.864 GC heap before
{Heap before GC invocations=16 (full 3):
 PSYoungGen      total 329728K, used 317024K [0x00000000eab00000, 0x0000000100000000, 0x0000000100000000)
  eden space 313344K, 100% used [0x00000000eab00000,0x00000000fdd00000,0x00000000fdd00000)
  from space 16384K, 22% used [0x00000000fed00000,0x00000000ff098070,0x00000000ffd00000)
  to   space 16384K, 0% used [0x00000000fdd00000,0x00000000fdd00000,0x00000000fed00000)
 ParOldGen       total 173568K, used 29464K [0x00000000c0000000, 0x00000000ca980000, 0x00000000eab00000)
  object space 173568K, 16% used [0x00000000c0000000,0x00000000c1cc6098,0x00000000ca980000)
 Metaspace       used 71579K, capacity 90011K, committed 90200K, reserved 1126400K
  class space    used 11038K, capacity 13381K, committed 13440K, reserved 1048576K
Event: 17.901 GC heap after
Heap after GC invocations=16 (full 3):
 PSYoungGen      total 329728K, used 14048K [0x00000000eab00000, 0x0000000100000000, 0x0000000100000000)
  eden space 313344K, 0% used [0x00000000eab00000,0x00000000eab00000,0x00000000fdd00000)
  from space 16384K, 85% used [0x00000000fdd00000,0x00000000feab80b0,0x00000000fed00000)
  to   space 17920K, 0% used [0x00000000fee80000,0x00000000fee80000,0x0000000100000000)
 ParOldGen       total 173568K, used 31775K [0x00000000c0000000, 0x00000000ca980000, 0x00000000eab00000)
  object space 173568K, 18% used [0x00000000c0000000,0x00000000c1f07f48,0x00000000ca980000)
 Metaspace       used 71579K, capacity 90011K, committed 90200K, reserved 1126400K
  class space    used 11038K, capacity 13381K, committed 13440K, reserved 1048576K
}
Event: 18.098 GC heap before
{Heap before GC invocations=17 (full 3):
 PSYoungGen      total 329728K, used 327392K [0x00000000eab00000, 0x0000000100000000, 0x0000000100000000)
  eden space 313344K, 100% used [0x00000000eab00000,0x00000000fdd00000,0x00000000fdd00000)
  from space 16384K, 85% used [0x00000000fdd00000,0x00000000feab80b0,0x00000000fed00000)
  to   space 17920K, 0% used [0x00000000fee80000,0x00000000fee80000,0x0000000100000000)
 ParOldGen       total 173568K, used 31895K [0x00000000c0000000, 0x00000000ca980000, 0x00000000eab00000)
  object space 173568K, 18% used [0x00000000c0000000,0x00000000c1f25eb8,0x00000000ca980000)
 Metaspace       used 71870K, capacity 90239K, committed 90456K, reserved 1126400K
  class space    used 11039K, capacity 13383K, committed 13440K, reserved 1048576K
Event: 18.133 GC heap after
Heap after GC invocations=17 (full 3):
 PSYoungGen      total 329216K, used 14240K [0x00000000eab00000, 0x0000000100000000, 0x0000000100000000)
  eden space 311296K, 0% used [0x00000000eab00000,0x00000000eab00000,0x00000000fdb00000)
  from space 17920K, 79% used [0x00000000fee80000,0x00000000ffc680b0,0x0000000100000000)
  to   space 18944K, 0% used [0x00000000fdb00000,0x00000000fdb00000,0x00000000fed80000)
 ParOldGen       total 173568K, used 35017K [0x00000000c0000000, 0x00000000ca980000, 0x00000000eab00000)
  object space 173568K, 20% used [0x00000000c0000000,0x00000000c22327d8,0x00000000ca980000)
 Metaspace       used 71870K, capacity 90239K, committed 90456K, reserved 1126400K
  class space    used 11039K, capacity 13383K, committed 13440K, reserved 1048576K
}
Event: 18.259 GC heap before
{Heap before GC invocations=18 (full 3):
 PSYoungGen      total 329216K, used 325536K [0x00000000eab00000, 0x0000000100000000, 0x0000000100000000)
  eden space 311296K, 100% used [0x00000000eab00000,0x00000000fdb00000,0x00000000fdb00000)
  from space 17920K, 79% used [0x00000000fee80000,0x00000000ffc680b0,0x0000000100000000)
  to   space 18944K, 0% used [0x00000000fdb00000,0x00000000fdb00000,0x00000000fed80000)
 ParOldGen       total 173568K, used 35022K [0x00000000c0000000, 0x00000000ca980000, 0x00000000eab00000)
  object space 173568K, 20% used [0x00000000c0000000,0x00000000c2233bd8,0x00000000ca980000)
 Metaspace       used 71968K, capacity 90315K, committed 90456K, reserved 1126400K
  class space    used 11039K, capacity 13383K, committed 13440K, reserved 1048576K
Event: 18.294 GC heap after
Heap after GC invocations=18 (full 3):
 PSYoungGen      total 327680K, used 16096K [0x00000000eab00000, 0x0000000100000000, 0x0000000100000000)
  eden space 311296K, 0% used [0x00000000eab00000,0x00000000eab00000,0x00000000fdb00000)
  from space 16384K, 98% used [0x00000000fdb00000,0x00000000feab80b0,0x00000000feb00000)
  to   space 19968K, 0% used [0x00000000fec80000,0x00000000fec80000,0x0000000100000000)
 ParOldGen       total 173568K, used 37750K [0x00000000c0000000, 0x00000000ca980000, 0x00000000eab00000)
  object space 173568K, 21% used [0x00000000c0000000,0x00000000c24dd988,0x00000000ca980000)
 Metaspace       used 71968K, capacity 90315K, committed 90456K, reserved 1126400K
  class space    used 11039K, capacity 13383K, committed 13440K, reserved 1048576K
}
Event: 18.444 GC heap before
{Heap before GC invocations=19 (full 3):
 PSYoungGen      total 327680K, used 327392K [0x00000000eab00000, 0x0000000100000000, 0x0000000100000000)
  eden space 311296K, 100% used [0x00000000eab00000,0x00000000fdb00000,0x00000000fdb00000)
  from space 16384K, 98% used [0x00000000fdb00000,0x00000000feab80b0,0x00000000feb00000)
  to   space 19968K, 0% used [0x00000000fec80000,0x00000000fec80000,0x0000000100000000)
 ParOldGen       total 173568K, used 38481K [0x00000000c0000000, 0x00000000ca980000, 0x00000000eab00000)
  object space 173568K, 22% used [0x00000000c0000000,0x00000000c2594630,0x00000000ca980000)
 Metaspace       used 72395K, capacity 90775K, committed 90968K, reserved 1126400K
  class space    used 11040K, capacity 13383K, committed 13440K, reserved 1048576K
Event: 18.479 GC heap after
Heap after GC invocations=19 (full 3):
 PSYoungGen      total 327168K, used 14432K [0x00000000eab00000, 0x0000000100000000, 0x0000000100000000)
  eden space 307200K, 0% used [0x00000000eab00000,0x00000000eab00000,0x00000000fd700000)
  from space 19968K, 72% used [0x00000000fec80000,0x00000000ffa980c0,0x0000000100000000)
  to   space 20992K, 0% used [0x00000000fd700000,0x00000000fd700000,0x00000000feb80000)
 ParOldGen       total 173568K, used 42872K [0x00000000c0000000, 0x00000000ca980000, 0x00000000eab00000)
  object space 173568K, 24% used [0x00000000c0000000,0x00000000c29de000,0x00000000ca980000)
 Metaspace       used 72395K, capacity 90775K, committed 90968K, reserved 1126400K
  class space    used 11040K, capacity 13383K, committed 13440K, reserved 1048576K
}
Event: 18.598 GC heap before
{Heap before GC invocations=20 (full 3):
 PSYoungGen      total 327168K, used 321632K [0x00000000eab00000, 0x0000000100000000, 0x0000000100000000)
  eden space 307200K, 100% used [0x00000000eab00000,0x00000000fd700000,0x00000000fd700000)
  from space 19968K, 72% used [0x00000000fec80000,0x00000000ffa980c0,0x0000000100000000)
  to   space 20992K, 0% used [0x00000000fd700000,0x00000000fd700000,0x00000000feb80000)
 ParOldGen       total 173568K, used 42879K [0x00000000c0000000, 0x00000000ca980000, 0x00000000eab00000)
  object space 173568K, 24% used [0x00000000c0000000,0x00000000c29dfe08,0x00000000ca980000)
 Metaspace       used 72423K, capacity 90791K, committed 90968K, reserved 1126400K
  class space    used 11040K, capacity 13383K, committed 13440K, reserved 1048576K
Event: 18.631 GC heap after
Heap after GC invocations=20 (full 3):
 PSYoungGen      total 323072K, used 15776K [0x00000000eab00000, 0x0000000100000000, 0x0000000100000000)
  eden space 307200K, 0% used [0x00000000eab00000,0x00000000eab00000,0x00000000fd700000)
  from space 15872K, 99% used [0x00000000fd700000,0x00000000fe668090,0x00000000fe680000)
  to   space 21504K, 0% used [0x00000000feb00000,0x00000000feb00000,0x0000000100000000)
 ParOldGen       total 173568K, used 46041K [0x00000000c0000000, 0x00000000ca980000, 0x00000000eab00000)
  object space 173568K, 26% used [0x00000000c0000000,0x00000000c2cf6468,0x00000000ca980000)
 Metaspace       used 72423K, capacity 90791K, committed 90968K, reserved 1126400K
  class space    used 11040K, capacity 13383K, committed 13440K, reserved 1048576K
}

